<?xml version="1.0" encoding="UTF-8"?>
<testsuite xmlns:xsi="http://www.w3.org/2001/XMLSchema-instance" xsi:noNamespaceSchemaLocation="https://maven.apache.org/surefire/maven-surefire-plugin/xsd/surefire-test-report.xsd" name="com.paypal.bfs.test.bookingserv.impl.BookingResourceImplTest" time="16.837" tests="18" errors="0" skipped="0" failures="0">
  <properties>
[...]
</properties>
  <testcase name="shouldReturn400CreateBookingsIfTotalPriceIsEmpty" classname="com.paypal.bfs.test.bookingserv.impl.BookingResourceImplTest" time="1.387"/>
  <testcase name="getAllBookingsShouldHaveEmptyBookings" classname="com.paypal.bfs.test.bookingserv.impl.BookingResourceImplTest" time="1.021"/>
  <testcase name="shouldReturn400CreateBookingsIfDOBIsEmpty" classname="com.paypal.bfs.test.bookingserv.impl.BookingResourceImplTest" time="0.9"/>
  <testcase name="shouldReturn400CreateBookingsIfCityInAddressIsEmpty" classname="com.paypal.bfs.test.bookingserv.impl.BookingResourceImplTest" time="0.801"/>
  <testcase name="shouldReturn400CreateBookingsIfZipCodeInAddressIsEmpty" classname="com.paypal.bfs.test.bookingserv.impl.BookingResourceImplTest" time="0.785"/>
  <testcase name="shouldReturn400CreateBookingsIfAddressIsEmpty" classname="com.paypal.bfs.test.bookingserv.impl.BookingResourceImplTest" time="0.765"/>
  <testcase name="shouldReturn400CreateBookingsIfStateInAddressIsEmpty" classname="com.paypal.bfs.test.bookingserv.impl.BookingResourceImplTest" time="0.698"/>
  <testcase name="shouldReturn400CreateBookingsIfCheckInDateTimeIsEmpty" classname="com.paypal.bfs.test.bookingserv.impl.BookingResourceImplTest" time="0.667"/>
  <testcase name="shouldReturnAllBookings" classname="com.paypal.bfs.test.bookingserv.impl.BookingResourceImplTest" time="0.745"/>
  <testcase name="shouldReturn400CreateBookingsIfDepositIsEmpty" classname="com.paypal.bfs.test.bookingserv.impl.BookingResourceImplTest" time="0.633"/>
  <testcase name="shouldReturn409IfDuplicateRecord" classname="com.paypal.bfs.test.bookingserv.impl.BookingResourceImplTest" time="0.602"/>
  <testcase name="shouldReturn400CreateBookingsIfFirstNameIsEmpty" classname="com.paypal.bfs.test.bookingserv.impl.BookingResourceImplTest" time="0.516"/>
  <testcase name="shouldReturn400CreateBookingsIfLine1InAddressIsEmpty" classname="com.paypal.bfs.test.bookingserv.impl.BookingResourceImplTest" time="0.525"/>
  <testcase name="testIdempotencyOfCreateRequest" classname="com.paypal.bfs.test.bookingserv.impl.BookingResourceImplTest" time="0.603"/>
  <testcase name="shouldReturn400CreateBookingsIfBookingIsEmpty" classname="com.paypal.bfs.test.bookingserv.impl.BookingResourceImplTest" time="0.595"/>
  <testcase name="shouldReturn400CreateBookingsIfCheckOutDateTimeIsEmpty" classname="com.paypal.bfs.test.bookingserv.impl.BookingResourceImplTest" time="0.591"/>
  <testcase name="shouldReturn201CreateBookings" classname="com.paypal.bfs.test.bookingserv.impl.BookingResourceImplTest" time="0.594"/>
  <testcase name="shouldReturn400CreateBookingsIfLastNameIsEmpty" classname="com.paypal.bfs.test.bookingserv.impl.BookingResourceImplTest" time="0.487"/>
</testsuite>